nohup: ignoring input
----------------- Options ---------------
               batch_size: 16                            	[default: 1]
                    beta1: 0.5                           
          checkpoints_dir: ./checkpoints                 
           continue_train: True                          	[default: False]
                crop_size: 256                           
                 dataroot: ./datasets/thread             	[default: None]
             dataset_mode: unaligned                     
                direction: AtoB                          
              display_env: main                          
             display_freq: 400                           
               display_id: 1                             
            display_ncols: 10                            
             display_port: 8097                          
           display_server: http://localhost              
          display_winsize: 256                           
                    epoch: latest                        
              epoch_count: 171                           	[default: 1]
                 gan_mode: lsgan                         
                  gpu_ids: 0,1,2,3,4,5,6,7               	[default: 0]
                init_gain: 0.02                          
                init_type: normal                        
                 input_nc: 3                             
                  isTrain: True                          	[default: None]
                 lambda_A: 10.0                          
                 lambda_B: 10.0                          
          lambda_identity: 0.5                           
                load_iter: 0                             	[default: 0]
                load_size: 286                           
                       lr: 0.0002                        
           lr_decay_iters: 50                            
                lr_policy: linear                        
         max_dataset_size: inf                           
                    model: attention_gan                 	[default: cycle_gan]
               n_layers_D: 3                             
                     name: thread_attentiongan           	[default: experiment_name]
                      ndf: 64                            
                     netD: basic                         
                     netG: resnet_9blocks                
                      ngf: 64                            
                    niter: 100                           
              niter_decay: 100                           
               no_dropout: True                          
                  no_flip: False                         
                  no_html: False                         
                     norm: instance                      
              num_threads: 4                             
                output_nc: 3                             
                    phase: train                         
                pool_size: 50                            
               preprocess: resize_and_crop               
               print_freq: 100                           
                 saveDisk: False                         
             save_by_iter: False                         
          save_epoch_freq: 10                            
         save_latest_freq: 5000                          
           serial_batches: False                         
                   suffix:                               
         update_html_freq: 1000                          
                  verbose: False                         
----------------- End -------------------
dataset [UnalignedDataset] was created
The number of training images = 16224
initialize network with normal
initialize network with normal
initialize network with normal
initialize network with normal
model [AttentionGANModel] was created
loading the model from ./checkpoints/thread_attentiongan/latest_net_G_A.pth
loading the model from ./checkpoints/thread_attentiongan/latest_net_G_B.pth
loading the model from ./checkpoints/thread_attentiongan/latest_net_D_A.pth
loading the model from ./checkpoints/thread_attentiongan/latest_net_D_B.pth
---------- Networks initialized -------------
[Network G_A] Total number of parameters : 11.823 M
[Network G_B] Total number of parameters : 11.823 M
[Network D_A] Total number of parameters : 2.765 M
[Network D_B] Total number of parameters : 2.765 M
-----------------------------------------------
End of epoch 171 / 200 	 
learning rate = 0.0000574
End of epoch 172 / 200 	 
learning rate = 0.0000554
End of epoch 173 / 200 	 
learning rate = 0.0000535
End of epoch 174 / 200 	 
learning rate = 0.0000515
End of epoch 175 / 200 	 
learning rate = 0.0000495
End of epoch 176 / 200 	 
learning rate = 0.0000475
End of epoch 177 / 200 	 
learning rate = 0.0000455
End of epoch 178 / 200 	 
learning rate = 0.0000436
End of epoch 179 / 200 	 
learning rate = 0.0000416
saving the model at the end of epoch 180, iters 162240
D_A: 0.0017406414755476783
G_A: 0.05680499333866249
cycle_A: 0.0051512504760395225
idt_A: 2.042089201247648e-05
D_B: 3.862986451049724e-05
G_B: 0.06238497428493152
cycle_B: 4.146430458376831e-05
idt_B: 6.500596708001766e-06
End of epoch 180 / 200 	 
learning rate = 0.0000396
End of epoch 181 / 200 	 
learning rate = 0.0000376
End of epoch 182 / 200 	 
learning rate = 0.0000356
