End of epoch 1 / 200 	 
learning rate = 0.0002000
End of epoch 2 / 200 	 
learning rate = 0.0002000
End of epoch 3 / 200 	 
learning rate = 0.0002000
End of epoch 4 / 200 	 
learning rate = 0.0002000
End of epoch 5 / 200 	 
learning rate = 0.0002000
End of epoch 6 / 200 	 
learning rate = 0.0002000
End of epoch 7 / 200 	 
learning rate = 0.0002000
End of epoch 8 / 200 	 
learning rate = 0.0002000
End of epoch 9 / 200 	 
learning rate = 0.0002000
saving the model at the end of epoch 10, iters 162240
D_A: 0.03658272819839238
G_A: 0.1381913015544984
cycle_A: 0.04183564203227843
idt_A: 0.00039558703913624826
D_B: 0.031783827939688425
G_B: 0.16528155131190206
cycle_B: 0.08934977436404404
idt_B: 0.00411393909872958
End of epoch 10 / 200 	 
learning rate = 0.0002000
End of epoch 11 / 200 	 
learning rate = 0.0002000
End of epoch 12 / 200 	 
learning rate = 0.0002000
End of epoch 13 / 200 	 
learning rate = 0.0002000
End of epoch 14 / 200 	 
learning rate = 0.0002000
End of epoch 15 / 200 	 
learning rate = 0.0002000
End of epoch 16 / 200 	 
learning rate = 0.0002000
End of epoch 17 / 200 	 
learning rate = 0.0002000
End of epoch 18 / 200 	 
learning rate = 0.0002000
End of epoch 19 / 200 	 
learning rate = 0.0002000
saving the model at the end of epoch 20, iters 324480
D_A: 0.020026547158287594
G_A: 0.18695249337624
cycle_A: 0.030379099070463173
idt_A: 0.00043178381037963285
D_B: 0.019443404696274667
G_B: 0.19941838859457384
cycle_B: 0.05620335736844871
idt_B: 0.002553786736141874
End of epoch 20 / 200 	 
learning rate = 0.0002000
End of epoch 21 / 200 	 
learning rate = 0.0002000
End of epoch 22 / 200 	 
learning rate = 0.0002000
End of epoch 23 / 200 	 
learning rate = 0.0002000
End of epoch 24 / 200 	 
learning rate = 0.0002000
End of epoch 25 / 200 	 
learning rate = 0.0002000
End of epoch 26 / 200 	 
learning rate = 0.0002000
End of epoch 27 / 200 	 
learning rate = 0.0002000
End of epoch 28 / 200 	 
learning rate = 0.0002000
End of epoch 29 / 200 	 
learning rate = 0.0002000
saving the model at the end of epoch 30, iters 486720
D_A: 0.011383199859656214
G_A: 0.21768649679900715
cycle_A: 0.022687415039150737
idt_A: 0.00029137418721339025
D_B: 0.010631263752660693
G_B: 0.22436449814980935
cycle_B: 0.02790756399158826
idt_B: 0.0017460859664572925
End of epoch 30 / 200 	 
learning rate = 0.0002000
End of epoch 31 / 200 	 
learning rate = 0.0002000
End of epoch 32 / 200 	 
learning rate = 0.0002000
End of epoch 33 / 200 	 
learning rate = 0.0002000
End of epoch 34 / 200 	 
learning rate = 0.0002000
End of epoch 35 / 200 	 
learning rate = 0.0002000
End of epoch 36 / 200 	 
learning rate = 0.0002000
End of epoch 37 / 200 	 
learning rate = 0.0002000
End of epoch 38 / 200 	 
learning rate = 0.0002000
End of epoch 39 / 200 	 
learning rate = 0.0002000
saving the model at the end of epoch 40, iters 648960
D_A: 0.013555430341354103
G_A: 0.20836570232838422
cycle_A: 0.026525900131745307
idt_A: 0.0001910505865992064
D_B: 0.012113129970114963
G_B: 0.21927309425316266
cycle_B: 0.04152351014066505
idt_B: 0.0017681309138727274
End of epoch 40 / 200 	 
learning rate = 0.0002000
End of epoch 41 / 200 	 
learning rate = 0.0002000
End of epoch 42 / 200 	 
learning rate = 0.0002000
End of epoch 43 / 200 	 
learning rate = 0.0002000
End of epoch 44 / 200 	 
learning rate = 0.0002000
End of epoch 45 / 200 	 
learning rate = 0.0002000
End of epoch 46 / 200 	 
learning rate = 0.0002000
End of epoch 47 / 200 	 
learning rate = 0.0002000
End of epoch 48 / 200 	 
learning rate = 0.0002000
End of epoch 49 / 200 	 
learning rate = 0.0002000
saving the model at the end of epoch 50, iters 811200
D_A: 0.009398012530045189
G_A: 0.22395832974030186
cycle_A: 0.02553495893075876
idt_A: 0.00011525727462885384
D_B: 0.006076905480636939
G_B: 0.23685121599812597
cycle_B: 0.011861826679198396
idt_B: 0.0008601828634608534
End of epoch 50 / 200 	 
learning rate = 0.0002000
End of epoch 51 / 200 	 
learning rate = 0.0002000
End of epoch 52 / 200 	 
learning rate = 0.0002000
End of epoch 53 / 200 	 
learning rate = 0.0002000
End of epoch 54 / 200 	 
learning rate = 0.0002000
End of epoch 55 / 200 	 
learning rate = 0.0002000
End of epoch 56 / 200 	 
learning rate = 0.0002000
End of epoch 57 / 200 	 
learning rate = 0.0002000
End of epoch 58 / 200 	 
learning rate = 0.0002000
End of epoch 59 / 200 	 
learning rate = 0.0002000
saving the model at the end of epoch 60, iters 973440
D_A: 0.007028977730578755
G_A: 0.23078748535436505
cycle_A: 0.027372436006735872
idt_A: 8.52018138136759e-05
D_B: 0.0006870791591216445
G_B: 0.24954146482381065
cycle_B: 0.00038223191359747986
idt_B: 0.0002617667244086601
End of epoch 60 / 200 	 
learning rate = 0.0002000
End of epoch 61 / 200 	 
learning rate = 0.0002000
End of epoch 62 / 200 	 
learning rate = 0.0002000
End of epoch 63 / 200 	 
learning rate = 0.0002000
End of epoch 64 / 200 	 
learning rate = 0.0002000
End of epoch 65 / 200 	 
learning rate = 0.0002000
End of epoch 66 / 200 	 
learning rate = 0.0002000
End of epoch 67 / 200 	 
learning rate = 0.0002000
End of epoch 68 / 200 	 
learning rate = 0.0002000
End of epoch 69 / 200 	 
learning rate = 0.0002000
saving the model at the end of epoch 70, iters 1135680
D_A: 0.004638496222035139
G_A: 0.23842305811654768
cycle_A: 0.014313018064255561
idt_A: 6.861989694119044e-05
D_B: 0.0005940893817726089
G_B: 0.24978675054757318
cycle_B: 0.0001372397979071891
idt_B: 0.0002338979205384375
End of epoch 70 / 200 	 
learning rate = 0.0002000
End of epoch 71 / 200 	 
learning rate = 0.0002000
End of epoch 72 / 200 	 
learning rate = 0.0002000
End of epoch 73 / 200 	 
learning rate = 0.0002000
End of epoch 74 / 200 	 
learning rate = 0.0002000
End of epoch 75 / 200 	 
learning rate = 0.0002000
End of epoch 76 / 200 	 
learning rate = 0.0002000
End of epoch 77 / 200 	 
learning rate = 0.0002000
End of epoch 78 / 200 	 
learning rate = 0.0002000
End of epoch 79 / 200 	 
learning rate = 0.0002000
saving the model at the end of epoch 80, iters 1297920
D_A: 0.003344260930990302
G_A: 0.24288648401370502
cycle_A: 0.010940165878643264
idt_A: 2.7544429300736523e-05
D_B: 0.0005609734777362704
G_B: 0.24969366866143702
cycle_B: 5.5088860113232426e-05
idt_B: 0.00020376990807578264
End of epoch 80 / 200 	 
learning rate = 0.0002000
End of epoch 81 / 200 	 
learning rate = 0.0002000
End of epoch 82 / 200 	 
learning rate = 0.0002000
End of epoch 83 / 200 	 
learning rate = 0.0002000
End of epoch 84 / 200 	 
learning rate = 0.0002000
End of epoch 85 / 200 	 
learning rate = 0.0002000
End of epoch 86 / 200 	 
learning rate = 0.0002000
End of epoch 87 / 200 	 
learning rate = 0.0002000
End of epoch 88 / 200 	 
learning rate = 0.0002000
End of epoch 89 / 200 	 
learning rate = 0.0002000
saving the model at the end of epoch 90, iters 1460160
D_A: 0.0023306746767672295
G_A: 0.24617167758062863
cycle_A: 0.005242678857552378
idt_A: 1.5082756192989568e-05
D_B: 0.0004723093375105236
G_B: 0.24970360152438079
cycle_B: 3.0165511435154084e-05
idt_B: 0.00016647125846280388
End of epoch 90 / 200 	 
learning rate = 0.0002000
End of epoch 91 / 200 	 
learning rate = 0.0002000
End of epoch 92 / 200 	 
learning rate = 0.0002000
End of epoch 93 / 200 	 
learning rate = 0.0002000
End of epoch 94 / 200 	 
learning rate = 0.0002000
End of epoch 95 / 200 	 
learning rate = 0.0002000
End of epoch 96 / 200 	 
learning rate = 0.0002000
End of epoch 97 / 200 	 
learning rate = 0.0002000
End of epoch 98 / 200 	 
learning rate = 0.0002000
End of epoch 99 / 200 	 
learning rate = 0.0002000
saving the model at the end of epoch 100, iters 1622400
D_A: 0.0008928816088265648
G_A: 0.24999306048588052
cycle_A: 0.0014889842127261373
idt_A: 6.882962143532686e-06
D_B: 0.0004739775074197297
G_B: 0.24988414668266826
cycle_B: 1.3765924530209415e-05
idt_B: 0.00012578382269339228
End of epoch 100 / 200 	 
learning rate = 0.0001980
End of epoch 101 / 200 	 
learning rate = 0.0001960
End of epoch 102 / 200 	 
learning rate = 0.0001941
End of epoch 103 / 200 	 
learning rate = 0.0001921
End of epoch 104 / 200 	 
learning rate = 0.0001901
End of epoch 105 / 200 	 
learning rate = 0.0001881
End of epoch 106 / 200 	 
learning rate = 0.0001861
End of epoch 107 / 200 	 
learning rate = 0.0001842
End of epoch 108 / 200 	 
learning rate = 0.0001822
End of epoch 109 / 200 	 
learning rate = 0.0001802
saving the model at the end of epoch 110, iters 1784640
D_A: 0.0015763403941493354
G_A: 0.2479571983625991
cycle_A: 0.0038732087392549133
idt_A: 1.3550494130909164e-05
D_B: 0.00039755181344661037
G_B: 0.24975227301525177
cycle_B: 2.710098823363673e-05
idt_B: 8.875851874133903e-05
End of epoch 110 / 200 	 
learning rate = 0.0001782
End of epoch 111 / 200 	 
learning rate = 0.0001762
End of epoch 112 / 200 	 
learning rate = 0.0001743
End of epoch 113 / 200 	 
learning rate = 0.0001723
End of epoch 114 / 200 	 
learning rate = 0.0001703
End of epoch 115 / 200 	 
learning rate = 0.0001683
End of epoch 116 / 200 	 
learning rate = 0.0001663
End of epoch 117 / 200 	 
learning rate = 0.0001644
End of epoch 118 / 200 	 
learning rate = 0.0001624
End of epoch 119 / 200 	 
learning rate = 0.0001604
saving the model at the end of epoch 120, iters 1946880
D_A: 0.001218554959011058
G_A: 0.24862098284028986
cycle_A: 0.0034104401831304043
idt_A: 8.642923206135606e-06
D_B: 0.00040886420620380717
G_B: 0.24955993063226195
cycle_B: 1.7285846776183983e-05
idt_B: 6.152623559102433e-05
End of epoch 120 / 200 	 
learning rate = 0.0001584
End of epoch 121 / 200 	 
learning rate = 0.0001564
End of epoch 122 / 200 	 
learning rate = 0.0001545
End of epoch 123 / 200 	 
learning rate = 0.0001525
End of epoch 124 / 200 	 
learning rate = 0.0001505
End of epoch 125 / 200 	 
learning rate = 0.0001485
End of epoch 126 / 200 	 
learning rate = 0.0001465
End of epoch 127 / 200 	 
learning rate = 0.0001446
End of epoch 128 / 200 	 
learning rate = 0.0001426
End of epoch 129 / 200 	 
learning rate = 0.0001406
saving the model at the end of epoch 130, iters 2109120
D_A: 0.0006679911395238295
G_A: 0.24943661085776322
cycle_A: 0.001251253854568546
idt_A: 3.64648850859998e-06
D_B: 0.00026517624428558736
G_B: 0.2497484807670851
cycle_B: 7.292977078478797e-06
idt_B: 4.308269850710335e-05
End of epoch 130 / 200 	 
learning rate = 0.0001386
End of epoch 131 / 200 	 
learning rate = 0.0001366
End of epoch 132 / 200 	 
learning rate = 0.0001347
End of epoch 133 / 200 	 
learning rate = 0.0001327
End of epoch 134 / 200 	 
learning rate = 0.0001307
End of epoch 135 / 200 	 
learning rate = 0.0001287
End of epoch 136 / 200 	 
learning rate = 0.0001267
End of epoch 137 / 200 	 
learning rate = 0.0001248
End of epoch 138 / 200 	 
learning rate = 0.0001228
End of epoch 139 / 200 	 
learning rate = 0.0001208
saving the model at the end of epoch 140, iters 2271360
D_A: 0.00043920641016342583
G_A: 0.24979767015596938
cycle_A: 0.0009610803005800654
idt_A: 1.2747507996528515e-06
D_B: 0.00022923215262849036
G_B: 0.24972857474266777
cycle_B: 2.549501619299503e-06
idt_B: 3.079353181317403e-05
End of epoch 140 / 200 	 
learning rate = 0.0001188
End of epoch 141 / 200 	 
learning rate = 0.0001168
End of epoch 142 / 200 	 
learning rate = 0.0001149
End of epoch 143 / 200 	 
learning rate = 0.0001129
End of epoch 144 / 200 	 
learning rate = 0.0001109
End of epoch 145 / 200 	 
learning rate = 0.0001089
End of epoch 146 / 200 	 
learning rate = 0.0001069
End of epoch 147 / 200 	 
learning rate = 0.0001050
End of epoch 148 / 200 	 
learning rate = 0.0001030
End of epoch 149 / 200 	 
learning rate = 0.0001010
saving the model at the end of epoch 150, iters 2433600
D_A: 0.002024310555803191
G_A: 0.24429761257419397
cycle_A: 0.00772566799849753
idt_A: 3.775375419929689e-06
D_B: 0.00019657228049414956
G_B: 0.24971606831490642
cycle_B: 7.550750756634218e-06
idt_B: 2.263194016050464e-05
End of epoch 150 / 200 	 
learning rate = 0.0000990
End of epoch 151 / 200 	 
learning rate = 0.0000970
End of epoch 152 / 200 	 
learning rate = 0.0000950
End of epoch 153 / 200 	 
learning rate = 0.0000931
End of epoch 154 / 200 	 
learning rate = 0.0000911
End of epoch 155 / 200 	 
learning rate = 0.0000891
End of epoch 156 / 200 	 
learning rate = 0.0000871
End of epoch 157 / 200 	 
learning rate = 0.0000851
End of epoch 158 / 200 	 
learning rate = 0.0000832
End of epoch 159 / 200 	 
learning rate = 0.0000812
saving the model at the end of epoch 160, iters 2595840
D_A: 0.0009345759330221298
G_A: 0.2480535722269697
cycle_A: 0.003264819127819637
idt_A: 1.1411892134854322e-06
D_B: 0.00015876470280884437
G_B: 0.24970121621071587
cycle_B: 2.2823784325833004e-06
idt_B: 1.760096270638634e-05
End of epoch 160 / 200 	 
learning rate = 0.0000792
End of epoch 161 / 200 	 
learning rate = 0.0000772
End of epoch 162 / 200 	 
learning rate = 0.0000752
End of epoch 163 / 200 	 
learning rate = 0.0000733
End of epoch 164 / 200 	 
learning rate = 0.0000713
End of epoch 165 / 200 	 
learning rate = 0.0000693
End of epoch 166 / 200 	 
learning rate = 0.0000673
End of epoch 167 / 200 	 
learning rate = 0.0000653
End of epoch 168 / 200 	 
learning rate = 0.0000634
End of epoch 169 / 200 	 
learning rate = 0.0000614
saving the model at the end of epoch 170, iters 2758080
D_A: 0.0013221505981969677
G_A: 0.24615252405015617
cycle_A: 0.0066602473080037755
idt_A: 1.865571640757505e-06
D_B: 0.00012435044571542194
G_B: 0.2497273321269003
cycle_B: 3.731143281127858e-06
idt_B: 1.4364147190697754e-05
End of epoch 170 / 200 	 
learning rate = 0.0000594
End of epoch 171 / 200 	 
learning rate = 0.0000574
End of epoch 172 / 200 	 
learning rate = 0.0000554
End of epoch 173 / 200 	 
learning rate = 0.0000535
End of epoch 174 / 200 	 
learning rate = 0.0000515
End of epoch 175 / 200 	 
learning rate = 0.0000495
End of epoch 176 / 200 	 
learning rate = 0.0000475
End of epoch 177 / 200 	 
learning rate = 0.0000455
End of epoch 178 / 200 	 
learning rate = 0.0000436
End of epoch 179 / 200 	 
learning rate = 0.0000416
saving the model at the end of epoch 180, iters 162240
D_A: 0.0017406414755476783
G_A: 0.05680499333866249
cycle_A: 0.0051512504760395225
idt_A: 2.042089201247648e-05
D_B: 3.862986451049724e-05
G_B: 0.06238497428493152
cycle_B: 4.146430458376831e-05
idt_B: 6.500596708001766e-06
End of epoch 180 / 200 	 
learning rate = 0.0000396
End of epoch 181 / 200 	 
learning rate = 0.0000376
End of epoch 182 / 200 	 
learning rate = 0.0000356
End of epoch 183 / 200 	 
learning rate = 0.0000337
End of epoch 184 / 200 	 
learning rate = 0.0000317
End of epoch 185 / 200 	 
learning rate = 0.0000297
End of epoch 186 / 200 	 
learning rate = 0.0000277
End of epoch 187 / 200 	 
learning rate = 0.0000257
End of epoch 188 / 200 	 
learning rate = 0.0000238
End of epoch 189 / 200 	 
learning rate = 0.0000218
saving the model at the end of epoch 190, iters 324480
D_A: 0.0012570467703613862
G_A: 0.05814925809730675
cycle_A: 0.005278956052512886
idt_A: 3.686391390412007e-05
D_B: 3.6050156988808043e-05
G_B: 0.06237688516606476
cycle_B: 7.487267879807535e-05
idt_B: 1.0644917789240958e-05
End of epoch 190 / 200 	 
learning rate = 0.0000198
End of epoch 191 / 200 	 
learning rate = 0.0000178
End of epoch 192 / 200 	 
learning rate = 0.0000158
End of epoch 193 / 200 	 
learning rate = 0.0000139
End of epoch 194 / 200 	 
learning rate = 0.0000119
End of epoch 195 / 200 	 
learning rate = 0.0000099
End of epoch 196 / 200 	 
learning rate = 0.0000079
End of epoch 197 / 200 	 
learning rate = 0.0000059
End of epoch 198 / 200 	 
learning rate = 0.0000040
End of epoch 199 / 200 	 
learning rate = 0.0000020
saving the model at the end of epoch 200, iters 486720
D_A: 0.0009557883210207659
G_A: 0.059030152919759174
cycle_A: 0.005156585879746046
idt_A: 7.018829333302085e-05
D_B: 3.0969624884241344e-05
G_B: 0.06238421928174279
cycle_B: 0.00014256342917720073
idt_B: 1.0520100040118021e-05
End of epoch 200 / 200 	 
learning rate = 0.0000000
