nohup: ignoring input
----------------- Options ---------------
               batch_size: 32                            	[default: 1]
                    beta1: 0.5                           
          checkpoints_dir: ./checkpoints                 
           continue_train: False                         
                crop_size: 256                           
                 dataroot: ./datasets/thread             	[default: None]
             dataset_mode: unaligned                     
                direction: AtoB                          
              display_env: main                          
             display_freq: 400                           
               display_id: 1                             
            display_ncols: 10                            
             display_port: 8097                          
           display_server: http://localhost              
          display_winsize: 256                           
                    epoch: latest                        
              epoch_count: 1                             
                 gan_mode: lsgan                         
                  gpu_ids: 0,1,2,3,4,5,6,7               	[default: 0]
                init_gain: 0.02                          
                init_type: normal                        
                 input_nc: 3                             
                  isTrain: True                          	[default: None]
                 lambda_A: 10.0                          
          lambda_identity: 0.5                           
                load_iter: 0                             	[default: 0]
                load_size: 286                           
                       lr: 0.0002                        
           lr_decay_iters: 50                            
                lr_policy: linear                        
         max_dataset_size: inf                           
                    model: attention_gan                 	[default: cycle_gan]
               n_layers_D: 3                             
                     name: thread_attentiongan           	[default: experiment_name]
                      ndf: 64                            
                     netD: basic                         
                     netG: resnet_9blocks                
                      ngf: 64                            
                    niter: 100                           
              niter_decay: 100                           
               no_dropout: True                          
                  no_flip: False                         
                  no_html: False                         
                     norm: instance                      
              num_threads: 4                             
                output_nc: 3                             
                    phase: train                         
                pool_size: 50                            
               preprocess: resize_and_crop               
               print_freq: 100                           
                 saveDisk: False                         
             save_by_iter: False                         
          save_epoch_freq: 10                            
         save_latest_freq: 5000                          
           serial_batches: False                         
                   suffix:                               
         update_html_freq: 1000                          
                  verbose: False                         
----------------- End -------------------
dataset [UnalignedDataset] was created
The number of training images = 16224
initialize network with normal
initialize network with normal
model [AttentionGANModel] was created
---------- Networks initialized -------------
[Network G] Total number of parameters : 11.823 M
[Network D] Total number of parameters : 2.765 M
-----------------------------------------------
End of epoch 1 / 200 	 
learning rate = 0.0002000
End of epoch 2 / 200 	 
learning rate = 0.0002000
End of epoch 3 / 200 	 
learning rate = 0.0002000
